<?xml version="1.0" encoding="UTF-8"?>
<testng-results skipped="0" failed="0" total="1" passed="1">
  <reporter-output>
  </reporter-output>
  <suite name="Suite" duration-ms="22098" started-at="2022-09-07T10:31:32Z" finished-at="2022-09-07T10:31:54Z">
    <groups>
    </groups>
    <test name="Test" duration-ms="22098" started-at="2022-09-07T10:31:32Z" finished-at="2022-09-07T10:31:54Z">
      <class name="com.actitime.test.actiTime">
        <test-method status="PASS" signature="openBrowser(java.lang.String)[pri:0, instance:com.actitime.test.actiTime@67b92f0a]" name="openBrowser" is-config="true" duration-ms="7666" started-at="2022-09-07T16:01:32Z" finished-at="2022-09-07T16:01:39Z">
          <params>
            <param index="0">
              <value>
                <![CDATA[chrome]]>
              </value>
            </param>
          </params>
          <reporter-output>
          </reporter-output>
        </test-method> <!-- openBrowser -->
        <test-method status="PASS" signature="testactiTime()[pri:0, instance:com.actitime.test.actiTime@67b92f0a]" name="testactiTime" duration-ms="14243" started-at="2022-09-07T16:01:39Z" finished-at="2022-09-07T16:01:53Z">
          <reporter-output>
          </reporter-output>
        </test-method> <!-- testactiTime -->
        <test-method status="PASS" signature="closeBrowser()[pri:0, instance:com.actitime.test.actiTime@67b92f0a]" name="closeBrowser" is-config="true" duration-ms="158" started-at="2022-09-07T16:01:53Z" finished-at="2022-09-07T16:01:54Z">
          <reporter-output>
          </reporter-output>
        </test-method> <!-- closeBrowser -->
      </class> <!-- com.actitime.test.actiTime -->
    </test> <!-- Test -->
  </suite> <!-- Suite -->
</testng-results>
